<?xml version="1.0" encoding="UTF-8"?>
<!-- Generated by org.testng.reporters.JUnitXMLReporter -->
<testsuite hostname="Dhamo" ignored="0" name="Test" tests="1" failures="0" timestamp="23 Mar 2019 03:33:42 GMT" time="2.099" errors="0">
  <testcase name="@BeforeMethod beforeMethod" time="0.052" classname="base.WebDriverFactory">
    <failure type="java.lang.IllegalStateException" message="The driver executable does not exist: C:\Career\NuTech\Workspace\EddieBauer-qa-smokesuite\src\main\resources\Drivers\chromedriver.exe">
      <![CDATA[java.lang.IllegalStateException: The driver executable does not exist: C:\Career\NuTech\Workspace\EddieBauer-qa-smokesuite\src\main\resources\Drivers\chromedriver.exe
at com.google.common.base.Preconditions.checkState(Preconditions.java:585)
at org.openqa.selenium.remote.service.DriverService.checkExecutable(DriverService.java:146)
at org.openqa.selenium.remote.service.DriverService.findExecutable(DriverService.java:141)
at org.openqa.selenium.chrome.ChromeDriverService.access$000(ChromeDriverService.java:35)
at org.openqa.selenium.chrome.ChromeDriverService$Builder.findDefaultExecutable(ChromeDriverService.java:159)
at org.openqa.selenium.remote.service.DriverService$Builder.build(DriverService.java:355)
at org.openqa.selenium.chrome.ChromeDriverService.createDefaultService(ChromeDriverService.java:94)
at org.openqa.selenium.chrome.ChromeDriver.<init>(ChromeDriver.java:123)
at base.BrowserFactory.createDriver(BrowserFactory.java:40)
at base.WebDriverFactory.beforeMethod(WebDriverFactory.java:39)
... Removed 28 stack frames]]>
    </failure>
  </testcase> <!-- @BeforeMethod beforeMethod -->
  <testcase name="@AfterMethod afterMethod" time="2.002" classname="base.WebDriverFactory">
    <failure type="java.lang.NullPointerException">
      <![CDATA[java.lang.NullPointerException
at base.WebDriverFactory.afterMethod(WebDriverFactory.java:64)
... Removed 28 stack frames]]>
    </failure>
  </testcase> <!-- @AfterMethod afterMethod -->
  <testcase name="testGoogle" time="0.0" classname="tests.Test1">
    <skipped/>
  </testcase> <!-- testGoogle -->
</testsuite> <!-- Test -->
