<?xml version="1.0" encoding="UTF-8"?>
<testng-results skipped="0" failed="1" ignored="2" total="3" passed="0">
  <reporter-output>
  </reporter-output>
  <suite name="Default suite" duration-ms="22379" started-at="2019-03-23T09:18:49Z" finished-at="2019-03-23T09:19:11Z">
    <groups>
    </groups>
    <test name="Default test" duration-ms="22379" started-at="2019-03-23T09:18:49Z" finished-at="2019-03-23T09:19:11Z">
      <class name="tests.SmokeTest01">
        <test-method status="PASS" signature="beforeMethod()[pri:0, instance:tests.SmokeTest01@4b952a2d]" name="beforeMethod" is-config="true" duration-ms="11687" started-at="2019-03-23T09:18:49Z" finished-at="2019-03-23T09:19:01Z">
          <reporter-output>
          </reporter-output>
        </test-method> <!-- beforeMethod -->
        <test-method status="FAIL" signature="verifyMenSubCategoryLinks()[pri:0, instance:tests.SmokeTest01@4b952a2d]" name="verifyMenSubCategoryLinks" duration-ms="4943" started-at="2019-03-23T09:19:01Z" finished-at="2019-03-23T09:19:06Z">
          <exception class="java.lang.AssertionError">
            <message>
              <![CDATA[expected [true] but found [false]]]>
            </message>
            <full-stacktrace>
              <![CDATA[java.lang.AssertionError: expected [true] but found [false]
at org.testng.Assert.fail(Assert.java:96)
at org.testng.Assert.failNotEquals(Assert.java:776)
at org.testng.Assert.assertTrue(Assert.java:44)
at org.testng.Assert.assertTrue(Assert.java:54)
at base.CoreBase.checkPageContainsError(CoreBase.java:378)
at pages.LandingPage.verifySubCategoryForMen(LandingPage.java:70)
at tests.SmokeTest01.verifyMenSubCategoryLinks(SmokeTest01.java:22)
at sun.reflect.NativeMethodAccessorImpl.invoke0(Native Method)
at sun.reflect.NativeMethodAccessorImpl.invoke(Unknown Source)
at sun.reflect.DelegatingMethodAccessorImpl.invoke(Unknown Source)
at java.lang.reflect.Method.invoke(Unknown Source)
at org.testng.internal.MethodInvocationHelper.invokeMethod(MethodInvocationHelper.java:124)
at org.testng.internal.Invoker.invokeMethod(Invoker.java:583)
at org.testng.internal.Invoker.invokeTestMethod(Invoker.java:719)
at org.testng.internal.Invoker.invokeTestMethods(Invoker.java:989)
at org.testng.internal.TestMethodWorker.invokeTestMethods(TestMethodWorker.java:125)
at org.testng.internal.TestMethodWorker.run(TestMethodWorker.java:109)
at org.testng.TestRunner.privateRun(TestRunner.java:648)
at org.testng.TestRunner.run(TestRunner.java:505)
at org.testng.SuiteRunner.runTest(SuiteRunner.java:455)
at org.testng.SuiteRunner.runSequentially(SuiteRunner.java:450)
at org.testng.SuiteRunner.privateRun(SuiteRunner.java:415)
at org.testng.SuiteRunner.run(SuiteRunner.java:364)
at org.testng.SuiteRunnerWorker.runSuite(SuiteRunnerWorker.java:52)
at org.testng.SuiteRunnerWorker.run(SuiteRunnerWorker.java:84)
at org.testng.TestNG.runSuitesSequentially(TestNG.java:1208)
at org.testng.TestNG.runSuitesLocally(TestNG.java:1137)
at org.testng.TestNG.runSuites(TestNG.java:1049)
at org.testng.TestNG.run(TestNG.java:1017)
at org.testng.remote.AbstractRemoteTestNG.run(AbstractRemoteTestNG.java:115)
at org.testng.remote.RemoteTestNG.initAndRun(RemoteTestNG.java:251)
at org.testng.remote.RemoteTestNG.main(RemoteTestNG.java:77)
]]>
            </full-stacktrace>
          </exception> <!-- java.lang.AssertionError -->
          <reporter-output>
          </reporter-output>
        </test-method> <!-- verifyMenSubCategoryLinks -->
        <test-method status="PASS" signature="afterMethod(org.testng.ITestResult)[pri:0, instance:tests.SmokeTest01@4b952a2d]" name="afterMethod" is-config="true" duration-ms="5716" started-at="2019-03-23T09:19:06Z" finished-at="2019-03-23T09:19:11Z">
          <params>
            <param index="0">
              <value>
                <![CDATA[[TestResult name=verifyMenSubCategoryLinks status=FAILURE method=SmokeTest01.verifyMenSubCategoryLinks()[pri:0, instance:tests.SmokeTest01@4b952a2d] output={null}]]]>
              </value>
            </param>
          </params>
          <reporter-output>
          </reporter-output>
        </test-method> <!-- afterMethod -->
      </class> <!-- tests.SmokeTest01 -->
    </test> <!-- Default test -->
  </suite> <!-- Default suite -->
</testng-results>
